<?xml version="1.0" encoding="UTF-8"?>
<!-- Generated by org.testng.reporters.JUnitReportReporter -->
<testsuite hostname="LAPTOP-CMREKL79" failures="0" tests="1" name="runner.TestRunner" time="25.536" errors="0" timestamp="2020-12-11T14:52:54 EST" skipped="0">
  <testcase classname="runner.TestRunner" name="feature" time="25.536"/>
  <system-out/>
</testsuite> <!-- runner.TestRunner -->
